INFO:root:Faces:0
INFO:root:GetTime:2020-09-22 21:49:38.096859
INFO:root:Timestamp: 0.0
INFO:root:Names:[]
INFO:root:Dresses:[]
INFO:root:--------------------------------------------EndLine
INFO:root:Faces:0
INFO:root:GetTime:2020-09-22 21:51:01.183616
INFO:root:Timestamp: 333.3333333333333
INFO:root:Names:[]
INFO:root:Dresses:[]
INFO:root:--------------------------------------------EndLine
INFO:root:Faces:0
INFO:root:GetTime:2020-09-22 21:52:31.331405
INFO:root:Timestamp: 666.6666666666666
INFO:root:Names:[]
INFO:root:Dresses:[]
INFO:root:--------------------------------------------EndLine
INFO:root:Faces:1
INFO:root:GetTime:2020-09-22 21:54:03.507140
INFO:root:Timestamp: 1000.0
INFO:root:Names:['pamudi']
INFO:root:Dresses:['CompanyT']
INFO:root:--------------------------------------------EndLine
INFO:root:Faces:1
INFO:root:GetTime:2020-09-22 21:55:07.733926
INFO:root:Timestamp: 1333.3333333333333
INFO:root:Names:['pamudi']
INFO:root:Dresses:['CompanyT']
INFO:root:--------------------------------------------EndLine
INFO:root:Faces:1
INFO:root:GetTime:2020-09-22 21:56:12.539347
INFO:root:Timestamp: 1666.6666666666665
INFO:root:Names:['pamudi']
INFO:root:Dresses:['CompanyT']
INFO:root:--------------------------------------------EndLine
INFO:root:Faces:1
INFO:root:GetTime:2020-09-22 21:57:42.210970
INFO:root:Timestamp: 2000.0
INFO:root:Names:['pamudi']
INFO:root:Dresses:['CompanyT']
INFO:root:--------------------------------------------EndLine
INFO:root:Faces:1
INFO:root:GetTime:2020-09-22 21:59:09.174334
INFO:root:Timestamp: 2333.333333333333
INFO:root:Names:['pamudi']
INFO:root:Dresses:['CompanyT']
INFO:root:--------------------------------------------EndLine
INFO:root:Faces:1
INFO:root:GetTime:2020-09-22 22:00:41.683012
INFO:root:Timestamp: 2666.6666666666665
INFO:root:Names:['pamudi']
INFO:root:Dresses:['CompanyT']
INFO:root:--------------------------------------------EndLine
INFO:root:Faces:1
INFO:root:GetTime:2020-09-22 22:02:01.514299
INFO:root:Timestamp: 3000.0
INFO:root:Names:['pamudi']
INFO:root:Dresses:['CompanyT']
INFO:root:--------------------------------------------EndLine
INFO:root:Faces:0
INFO:root:GetTime:2020-09-22 22:03:23.824805
INFO:root:Timestamp: 3333.333333333333
INFO:root:Names:[]
INFO:root:Dresses:[]
INFO:root:--------------------------------------------EndLine
INFO:root:Faces:0
INFO:root:GetTime:2020-09-22 22:04:51.179960
INFO:root:Timestamp: 3666.6666666666665
INFO:root:Names:[]
INFO:root:Dresses:[]
INFO:root:--------------------------------------------EndLine
INFO:root:Faces:0
INFO:root:GetTime:2020-09-22 22:06:22.897131
INFO:root:Timestamp: 4000.0
INFO:root:Names:[]
INFO:root:Dresses:[]
INFO:root:--------------------------------------------EndLine
INFO:root:Faces:0
INFO:root:GetTime:2020-09-22 22:07:44.531606
INFO:root:Timestamp: 4333.333333333333
INFO:root:Names:[]
INFO:root:Dresses:[]
INFO:root:--------------------------------------------EndLine
INFO:root:Faces:0
INFO:root:GetTime:2020-09-22 22:09:12.302410
INFO:root:Timestamp: 4666.666666666666
INFO:root:Names:[]
INFO:root:Dresses:[]
INFO:root:--------------------------------------------EndLine
INFO:root:Faces:0
INFO:root:GetTime:2020-09-22 22:10:37.878184
INFO:root:Timestamp: 5000.0
INFO:root:Names:[]
INFO:root:Dresses:[]
INFO:root:--------------------------------------------EndLine
INFO:root:Faces:0
INFO:root:GetTime:2020-09-22 22:12:04.469625
INFO:root:Timestamp: 5333.333333333333
INFO:root:Names:[]
INFO:root:Dresses:[]
INFO:root:--------------------------------------------EndLine
INFO:root:Faces:0
INFO:root:GetTime:2020-09-22 22:13:14.121375
INFO:root:Timestamp: 5666.666666666666
INFO:root:Names:[]
INFO:root:Dresses:[]
INFO:root:--------------------------------------------EndLine
INFO:root:Faces:0
INFO:root:GetTime:2020-09-22 22:14:22.791265
INFO:root:Timestamp: 6000.0
INFO:root:Names:[]
INFO:root:Dresses:[]
INFO:root:--------------------------------------------EndLine
INFO:root:Faces:0
INFO:root:GetTime:2020-09-22 22:15:13.323365
INFO:root:Timestamp: 6333.333333333333
INFO:root:Names:[]
INFO:root:Dresses:[]
INFO:root:--------------------------------------------EndLine
INFO:root:Faces:0
INFO:root:GetTime:2020-09-22 22:15:45.852404
INFO:root:Timestamp: 6666.666666666666
INFO:root:Names:[]
INFO:root:Dresses:[]
INFO:root:--------------------------------------------EndLine
INFO:root:Faces:0
INFO:root:GetTime:2020-09-22 22:17:02.668095
INFO:root:Timestamp: 7000.0
INFO:root:Names:[]
INFO:root:Dresses:[]
INFO:root:--------------------------------------------EndLine
INFO:root:Faces:0
INFO:root:GetTime:2020-09-22 22:18:30.069654
INFO:root:Timestamp: 7333.333333333333
INFO:root:Names:[]
INFO:root:Dresses:[]
INFO:root:--------------------------------------------EndLine
INFO:root:Faces:0
INFO:root:GetTime:2020-09-22 22:19:50.369590
INFO:root:Timestamp: 7666.666666666666
INFO:root:Names:[]
INFO:root:Dresses:[]
INFO:root:--------------------------------------------EndLine
INFO:root:Faces:0
INFO:root:GetTime:2020-09-22 22:21:13.830786
INFO:root:Timestamp: 8000.0
INFO:root:Names:[]
INFO:root:Dresses:[]
INFO:root:--------------------------------------------EndLine
INFO:root:Faces:0
INFO:root:GetTime:2020-09-22 22:22:32.074530
INFO:root:Timestamp: 8333.333333333332
INFO:root:Names:[]
INFO:root:Dresses:[]
INFO:root:--------------------------------------------EndLine
INFO:root:Faces:0
INFO:root:GetTime:2020-09-22 22:23:53.615114
INFO:root:Timestamp: 8666.666666666666
INFO:root:Names:[]
INFO:root:Dresses:[]
INFO:root:--------------------------------------------EndLine
INFO:root:Faces:0
INFO:root:GetTime:2020-09-22 22:25:19.368070
INFO:root:Timestamp: 9000.0
INFO:root:Names:[]
INFO:root:Dresses:[]
INFO:root:--------------------------------------------EndLine
INFO:root:Faces:0
INFO:root:GetTime:2020-09-22 22:26:50.611255
INFO:root:Timestamp: 9333.333333333332
INFO:root:Names:[]
INFO:root:Dresses:[]
INFO:root:--------------------------------------------EndLine
INFO:root:Faces:0
INFO:root:GetTime:2020-09-22 22:28:27.547927
INFO:root:Timestamp: 9666.666666666666
INFO:root:Names:[]
INFO:root:Dresses:[]
INFO:root:--------------------------------------------EndLine
INFO:root:Faces:1
INFO:root:GetTime:2020-09-22 22:30:11.279126
INFO:root:Timestamp: 10000.0
INFO:root:Names:['haritha']
INFO:root:Dresses:['Formal']
INFO:root:--------------------------------------------EndLine
INFO:root:Faces:1
INFO:root:GetTime:2020-09-22 22:31:55.666567
INFO:root:Timestamp: 10333.333333333332
INFO:root:Names:['haritha']
INFO:root:Dresses:['Formal']
INFO:root:--------------------------------------------EndLine
INFO:root:Faces:1
INFO:root:GetTime:2020-09-22 22:33:27.276353
INFO:root:Timestamp: 10666.666666666666
INFO:root:Names:['haritha']
INFO:root:Dresses:['Formal']
INFO:root:--------------------------------------------EndLine
